0 info it worked if it ends with ok
1 verbose cli [ '/usr/bin/node', '/usr/bin/npm', 'install', 'protobuf' ]
2 info using npm@3.5.2
3 info using node@v8.10.0
4 silly loadCurrentTree Starting
5 silly install loadCurrentTree
6 silly install readLocalPackageData
7 silly fetchPackageMetaData protobuf
8 silly fetchNamedPackageData protobuf
9 silly mapToRegistry name protobuf
10 silly mapToRegistry using default registry
11 silly mapToRegistry registry https://registry.npmjs.org/
12 silly mapToRegistry uri https://registry.npmjs.org/protobuf
13 verbose request uri https://registry.npmjs.org/protobuf
14 verbose request no auth needed
15 info attempt registry request try #1 at 10:36:05 AM
16 verbose request id e7dcbce79f1a74fa
17 http request GET https://registry.npmjs.org/protobuf
18 http 200 https://registry.npmjs.org/protobuf
19 verbose headers { date: 'Sun, 18 Aug 2019 10:36:05 GMT',
19 verbose headers   'content-type': 'application/json; charset=UTF-8',
19 verbose headers   'transfer-encoding': 'chunked',
19 verbose headers   connection: 'keep-alive',
19 verbose headers   'set-cookie':
19 verbose headers    [ '__cfduid=d1c0434faaa271a120510adf840d47cf31566124564; expires=Mon, 17-Aug-20 10:36:04 GMT; path=/; domain=.npmjs.org; HttpOnly' ],
19 verbose headers   'cf-cache-status': 'MISS',
19 verbose headers   'cache-control': 'max-age=300',
19 verbose headers   'cf-ray': '50833ea04d1dd681-MAD',
19 verbose headers   etag: 'W/"9663fc5c086e8ce6566843ae356def0c"',
19 verbose headers   'expect-ct': 'max-age=604800, report-uri="https://report-uri.cloudflare.com/cdn-cgi/beacon/expect-ct"',
19 verbose headers   'last-modified': 'Sun, 27 May 2018 13:02:01 GMT',
19 verbose headers   vary: 'accept-encoding, accept',
19 verbose headers   server: 'cloudflare',
19 verbose headers   'content-encoding': 'gzip' }
20 silly get cb [ 200,
20 silly get   { date: 'Sun, 18 Aug 2019 10:36:05 GMT',
20 silly get     'content-type': 'application/json; charset=UTF-8',
20 silly get     'transfer-encoding': 'chunked',
20 silly get     connection: 'keep-alive',
20 silly get     'set-cookie':
20 silly get      [ '__cfduid=d1c0434faaa271a120510adf840d47cf31566124564; expires=Mon, 17-Aug-20 10:36:04 GMT; path=/; domain=.npmjs.org; HttpOnly' ],
20 silly get     'cf-cache-status': 'MISS',
20 silly get     'cache-control': 'max-age=300',
20 silly get     'cf-ray': '50833ea04d1dd681-MAD',
20 silly get     etag: 'W/"9663fc5c086e8ce6566843ae356def0c"',
20 silly get     'expect-ct': 'max-age=604800, report-uri="https://report-uri.cloudflare.com/cdn-cgi/beacon/expect-ct"',
20 silly get     'last-modified': 'Sun, 27 May 2018 13:02:01 GMT',
20 silly get     vary: 'accept-encoding, accept',
20 silly get     server: 'cloudflare',
20 silly get     'content-encoding': 'gzip' } ]
21 verbose get saving protobuf to /root/.npm/registry.npmjs.org/protobuf/.cache.json
22 silly install normalizeTree
23 silly loadCurrentTree Finishing
24 silly loadIdealTree Starting
25 silly install loadIdealTree
26 silly cloneCurrentTree Starting
27 silly install cloneCurrentTreeToIdealTree
28 silly cloneCurrentTree Finishing
29 silly loadShrinkwrap Starting
30 silly install loadShrinkwrap
31 silly loadShrinkwrap Finishing
32 silly loadAllDepsIntoIdealTree Starting
33 silly install loadAllDepsIntoIdealTree
34 silly resolveWithNewModule protobuf@0.11.1 checking installable status
35 silly cache add args [ 'protobuf', null ]
36 verbose cache add spec protobuf
37 silly cache add parsed spec Result {
37 silly cache add   raw: 'protobuf',
37 silly cache add   scope: null,
37 silly cache add   name: 'protobuf',
37 silly cache add   rawSpec: '',
37 silly cache add   spec: 'latest',
37 silly cache add   type: 'tag' }
38 silly addNamed protobuf@latest
39 verbose addNamed "latest" is being treated as a dist-tag for protobuf
40 info addNameTag [ 'protobuf', 'latest' ]
41 silly mapToRegistry name protobuf
42 silly mapToRegistry using default registry
43 silly mapToRegistry registry https://registry.npmjs.org/
44 silly mapToRegistry uri https://registry.npmjs.org/protobuf
45 verbose addNameTag registry:https://registry.npmjs.org/protobuf not in flight; fetching
46 verbose get https://registry.npmjs.org/protobuf not expired, no request
47 silly addNameTag next cb for protobuf with tag latest
48 silly addNamed protobuf@0.11.1
49 verbose addNamed "0.11.1" is a plain semver version for protobuf
50 silly mapToRegistry name protobuf
51 silly mapToRegistry using default registry
52 silly mapToRegistry registry https://registry.npmjs.org/
53 silly mapToRegistry uri https://registry.npmjs.org/protobuf
54 verbose addRemoteTarball https://registry.npmjs.org/protobuf/-/protobuf-0.11.1.tgz not in flight; adding
55 verbose addRemoteTarball [ 'https://registry.npmjs.org/protobuf/-/protobuf-0.11.1.tgz',
55 verbose addRemoteTarball   'f82674b7f6d8a1543fa13a0c8abc39e5d4c8d14e' ]
56 info retry fetch attempt 1 at 10:36:06 AM
57 info attempt registry request try #1 at 10:36:06 AM
58 http fetch GET https://registry.npmjs.org/protobuf/-/protobuf-0.11.1.tgz
59 http fetch 200 https://registry.npmjs.org/protobuf/-/protobuf-0.11.1.tgz
60 silly fetchAndShaCheck shasum f82674b7f6d8a1543fa13a0c8abc39e5d4c8d14e
61 verbose addTmpTarball /tmp/npm-4535-3025eff0/registry.npmjs.org/protobuf/-/protobuf-0.11.1.tgz not in flight; adding
62 verbose addTmpTarball already have metadata; skipping unpack for protobuf@0.11.1
63 silly cache afterAdd protobuf@0.11.1
64 verbose afterAdd /root/.npm/protobuf/0.11.1/package/package.json not in flight; writing
65 verbose afterAdd /root/.npm/protobuf/0.11.1/package/package.json written
66 silly fetchNamedPackageData nan
67 silly mapToRegistry name nan
68 silly mapToRegistry using default registry
69 silly mapToRegistry registry https://registry.npmjs.org/
70 silly mapToRegistry uri https://registry.npmjs.org/nan
71 verbose request uri https://registry.npmjs.org/nan
72 verbose request no auth needed
73 info attempt registry request try #1 at 10:36:08 AM
74 http request GET https://registry.npmjs.org/nan
75 http 200 https://registry.npmjs.org/nan
76 verbose headers { date: 'Sun, 18 Aug 2019 10:36:08 GMT',
76 verbose headers   'content-type': 'application/json',
76 verbose headers   'transfer-encoding': 'chunked',
76 verbose headers   connection: 'keep-alive',
76 verbose headers   'set-cookie':
76 verbose headers    [ '__cfduid=d86c2dbf114ae007dc23f97f078cf41dd1566124567; expires=Mon, 17-Aug-20 10:36:07 GMT; path=/; domain=.npmjs.org; HttpOnly' ],
76 verbose headers   'cf-cache-status': 'REVALIDATED',
76 verbose headers   'cache-control': 'max-age=300',
76 verbose headers   'cf-ray': '50833eb57bb0d681-MAD',
76 verbose headers   etag: 'W/"a665a85bde8d605dbf85b9013ecf702b"',
76 verbose headers   'expect-ct': 'max-age=604800, report-uri="https://report-uri.cloudflare.com/cdn-cgi/beacon/expect-ct"',
76 verbose headers   'last-modified': 'Thu, 16 May 2019 19:11:40 GMT',
76 verbose headers   vary: 'accept-encoding, accept',
76 verbose headers   'x-amz-meta-rev': '187-4027ea0c01577aa817d1396fc47fd498',
76 verbose headers   server: 'cloudflare',
76 verbose headers   'content-encoding': 'gzip' }
77 silly get cb [ 200,
77 silly get   { date: 'Sun, 18 Aug 2019 10:36:08 GMT',
77 silly get     'content-type': 'application/json',
77 silly get     'transfer-encoding': 'chunked',
77 silly get     connection: 'keep-alive',
77 silly get     'set-cookie':
77 silly get      [ '__cfduid=d86c2dbf114ae007dc23f97f078cf41dd1566124567; expires=Mon, 17-Aug-20 10:36:07 GMT; path=/; domain=.npmjs.org; HttpOnly' ],
77 silly get     'cf-cache-status': 'REVALIDATED',
77 silly get     'cache-control': 'max-age=300',
77 silly get     'cf-ray': '50833eb57bb0d681-MAD',
77 silly get     etag: 'W/"a665a85bde8d605dbf85b9013ecf702b"',
77 silly get     'expect-ct': 'max-age=604800, report-uri="https://report-uri.cloudflare.com/cdn-cgi/beacon/expect-ct"',
77 silly get     'last-modified': 'Thu, 16 May 2019 19:11:40 GMT',
77 silly get     vary: 'accept-encoding, accept',
77 silly get     'x-amz-meta-rev': '187-4027ea0c01577aa817d1396fc47fd498',
77 silly get     server: 'cloudflare',
77 silly get     'content-encoding': 'gzip' } ]
78 verbose get saving nan to /root/.npm/registry.npmjs.org/nan/.cache.json
79 silly resolveWithNewModule nan@1.0.0 checking installable status
80 silly cache add args [ 'nan@~1.0.0', null ]
81 verbose cache add spec nan@~1.0.0
82 silly cache add parsed spec Result {
82 silly cache add   raw: 'nan@~1.0.0',
82 silly cache add   scope: null,
82 silly cache add   name: 'nan',
82 silly cache add   rawSpec: '~1.0.0',
82 silly cache add   spec: '>=1.0.0 <1.1.0',
82 silly cache add   type: 'range' }
83 silly addNamed nan@>=1.0.0 <1.1.0
84 verbose addNamed ">=1.0.0 <1.1.0" is a valid semver range for nan
85 silly addNameRange { name: 'nan', range: '>=1.0.0 <1.1.0', hasData: false }
86 silly mapToRegistry name nan
87 silly mapToRegistry using default registry
88 silly mapToRegistry registry https://registry.npmjs.org/
89 silly mapToRegistry uri https://registry.npmjs.org/nan
90 verbose addNameRange registry:https://registry.npmjs.org/nan not in flight; fetching
91 verbose get https://registry.npmjs.org/nan not expired, no request
92 silly addNameRange number 2 { name: 'nan', range: '>=1.0.0 <1.1.0', hasData: true }
93 silly addNameRange versions [ 'nan',
93 silly addNameRange   [ '0.3.0-wip',
93 silly addNameRange     '0.3.0-wip2',
93 silly addNameRange     '0.3.0',
93 silly addNameRange     '0.3.1',
93 silly addNameRange     '0.3.2',
93 silly addNameRange     '0.4.0',
93 silly addNameRange     '0.4.1',
93 silly addNameRange     '0.4.2',
93 silly addNameRange     '0.4.3',
93 silly addNameRange     '0.4.4',
93 silly addNameRange     '0.5.0',
93 silly addNameRange     '0.5.1',
93 silly addNameRange     '0.5.2',
93 silly addNameRange     '0.6.0',
93 silly addNameRange     '0.7.0',
93 silly addNameRange     '0.7.1',
93 silly addNameRange     '0.8.0',
93 silly addNameRange     '1.0.0',
93 silly addNameRange     '1.1.0',
93 silly addNameRange     '1.1.1',
93 silly addNameRange     '1.1.2',
93 silly addNameRange     '1.2.0',
93 silly addNameRange     '1.3.0',
93 silly addNameRange     '1.4.0',
93 silly addNameRange     '1.4.1',
93 silly addNameRange     '1.5.0',
93 silly addNameRange     '1.4.2',
93 silly addNameRange     '1.4.3',
93 silly addNameRange     '1.5.1',
93 silly addNameRange     '1.5.2',
93 silly addNameRange     '1.6.0',
93 silly addNameRange     '1.5.3',
93 silly addNameRange     '1.6.1',
93 silly addNameRange     '1.6.2',
93 silly addNameRange     '1.7.0',
93 silly addNameRange     '1.8.0',
93 silly addNameRange     '1.8.1',
93 silly addNameRange     '1.8.2',
93 silly addNameRange     '1.8.3',
93 silly addNameRange     '1.8.4',
93 silly addNameRange     '1.9.0',
93 silly addNameRange     '2.0.0',
93 silly addNameRange     '2.0.1',
93 silly addNameRange     '2.0.2',
93 silly addNameRange     '2.0.3',
93 silly addNameRange     '2.0.4',
93 silly addNameRange     '2.0.5',
93 silly addNameRange     '2.0.6',
93 silly addNameRange     '2.0.7',
93 silly addNameRange     '2.0.8',
93 silly addNameRange     '2.0.9',
93 silly addNameRange     '2.1.0',
93 silly addNameRange     '2.2.0',
93 silly addNameRange     '2.2.1',
93 silly addNameRange     '2.3.0',
93 silly addNameRange     '2.3.1',
93 silly addNameRange     '2.3.2',
93 silly addNameRange     '2.3.3',
93 silly addNameRange     '2.3.4',
93 silly addNameRange     '2.3.5',
93 silly addNameRange     '2.4.0',
93 silly addNameRange     '2.5.0',
93 silly addNameRange     '2.5.1',
93 silly addNameRange     '2.6.0',
93 silly addNameRange     '2.6.1',
93 silly addNameRange     '2.6.2',
93 silly addNameRange     '2.7.0',
93 silly addNameRange     '2.8.0',
93 silly addNameRange     '2.9.1',
93 silly addNameRange     '2.9.2',
93 silly addNameRange     '2.10.0',
93 silly addNameRange     '2.11.0',
93 silly addNameRange     '2.11.1',
93 silly addNameRange     '2.12.0',
93 silly addNameRange     '2.12.1',
93 silly addNameRange     '2.13.0',
93 silly addNameRange     '2.13.1',
93 silly addNameRange     '2.13.2',
93 silly addNameRange     '2.14.0' ] ]
94 silly addNamed nan@1.0.0
95 verbose addNamed "1.0.0" is a plain semver version for nan
96 silly mapToRegistry name nan
97 silly mapToRegistry using default registry
98 silly mapToRegistry registry https://registry.npmjs.org/
99 silly mapToRegistry uri https://registry.npmjs.org/nan
100 verbose addRemoteTarball https://registry.npmjs.org/nan/-/nan-1.0.0.tgz not in flight; adding
101 verbose addRemoteTarball [ 'https://registry.npmjs.org/nan/-/nan-1.0.0.tgz',
101 verbose addRemoteTarball   'ae24f8850818d662fcab5acf7f3b95bfaa2ccf38' ]
102 info retry fetch attempt 1 at 10:36:09 AM
103 info attempt registry request try #1 at 10:36:09 AM
104 http fetch GET https://registry.npmjs.org/nan/-/nan-1.0.0.tgz
105 http fetch 200 https://registry.npmjs.org/nan/-/nan-1.0.0.tgz
106 silly fetchAndShaCheck shasum ae24f8850818d662fcab5acf7f3b95bfaa2ccf38
107 verbose addTmpTarball /tmp/npm-4535-3025eff0/registry.npmjs.org/nan/-/nan-1.0.0.tgz not in flight; adding
108 verbose addTmpTarball already have metadata; skipping unpack for nan@1.0.0
109 silly cache afterAdd nan@1.0.0
110 verbose afterAdd /root/.npm/nan/1.0.0/package/package.json not in flight; writing
111 verbose afterAdd /root/.npm/nan/1.0.0/package/package.json written
112 silly loadAllDepsIntoIdealTree Finishing
113 silly idealTree:prePrune derivco
113 silly idealTree:prePrune ├── nan@1.0.0
113 silly idealTree:prePrune └── protobuf@0.11.1
114 silly loadIdealTree Finishing
115 silly currentTree derivco
116 silly idealTree derivco
116 silly idealTree ├── nan@1.0.0
116 silly idealTree └── protobuf@0.11.1
117 silly generateActionsToTake Starting
118 silly install generateActionsToTake
119 silly generateActionsToTake Finishing
120 silly diffTrees action count 2
121 silly diffTrees add nan@1.0.0
122 silly diffTrees add protobuf@0.11.1
123 silly decomposeActions action count 16
124 silly decomposeActions fetch nan@1.0.0
125 silly decomposeActions extract nan@1.0.0
126 silly decomposeActions test nan@1.0.0
127 silly decomposeActions preinstall nan@1.0.0
128 silly decomposeActions build nan@1.0.0
129 silly decomposeActions install nan@1.0.0
130 silly decomposeActions postinstall nan@1.0.0
131 silly decomposeActions finalize nan@1.0.0
132 silly decomposeActions fetch protobuf@0.11.1
133 silly decomposeActions extract protobuf@0.11.1
134 silly decomposeActions test protobuf@0.11.1
135 silly decomposeActions preinstall protobuf@0.11.1
136 silly decomposeActions build protobuf@0.11.1
137 silly decomposeActions install protobuf@0.11.1
138 silly decomposeActions postinstall protobuf@0.11.1
139 silly decomposeActions finalize protobuf@0.11.1
140 silly executeActions Starting
141 silly install executeActions
142 silly doSerial global-install 0
143 silly doParallel fetch 2
144 verbose lock using /root/.npm/_locks/staging-5326714e82365b15.lock for /opt/derivco/derivco/node_modules/.staging
145 silly doParallel extract 2
146 silly extract nan@1.0.0
147 silly extract protobuf@0.11.1
148 verbose unbuild node_modules/.staging/nan-3ea3a1dd
149 verbose unbuild node_modules/.staging/protobuf-58e9a9b3
150 silly gentlyRm /opt/derivco/derivco/node_modules/.staging/nan-3ea3a1dd is being purged from base /opt/derivco/derivco
151 verbose gentlyRm don't care about contents; nuking /opt/derivco/derivco/node_modules/.staging/nan-3ea3a1dd
152 silly gentlyRm /opt/derivco/derivco/node_modules/.staging/protobuf-58e9a9b3 is being purged from base /opt/derivco/derivco
153 verbose gentlyRm don't care about contents; nuking /opt/derivco/derivco/node_modules/.staging/protobuf-58e9a9b3
154 verbose tar unpack /root/.npm/nan/1.0.0/package.tgz
155 verbose tar unpacking to /opt/derivco/derivco/node_modules/.staging/nan-3ea3a1dd
156 silly gentlyRm /opt/derivco/derivco/node_modules/.staging/nan-3ea3a1dd is being purged
157 verbose gentlyRm don't care about contents; nuking /opt/derivco/derivco/node_modules/.staging/nan-3ea3a1dd
158 verbose tar unpack /root/.npm/protobuf/0.11.1/package.tgz
159 verbose tar unpacking to /opt/derivco/derivco/node_modules/.staging/protobuf-58e9a9b3
160 silly gentlyRm /opt/derivco/derivco/node_modules/.staging/protobuf-58e9a9b3 is being purged
161 verbose gentlyRm don't care about contents; nuking /opt/derivco/derivco/node_modules/.staging/protobuf-58e9a9b3
162 silly gunzTarPerm modes [ '755', '644' ]
163 silly gunzTarPerm modes [ '755', '644' ]
164 silly gunzTarPerm extractEntry package.json
165 silly gunzTarPerm modified mode [ 'package.json', 436, 420 ]
166 silly gunzTarPerm extractEntry package.json
167 silly gunzTarPerm extractEntry .npmignore
168 silly gunzTarPerm modified mode [ '.npmignore', 436, 420 ]
169 silly gunzTarPerm extractEntry README.md
170 silly gunzTarPerm modified mode [ 'README.md', 436, 420 ]
171 silly gunzTarPerm extractEntry README.md
172 silly gunzTarPerm extractEntry LICENSE
173 silly gunzTarPerm extractEntry include_dirs.js
174 silly gunzTarPerm extractEntry .dntrc
175 silly gunzTarPerm extractEntry build/config.gypi
176 silly gunzTarPerm extractEntry nan.h
177 silly gunzTarPerm extractEntry addon.cc
178 silly gunzTarPerm modified mode [ 'addon.cc', 436, 420 ]
179 silly gunzTarPerm extractEntry binding.gyp
180 silly gunzTarPerm modified mode [ 'binding.gyp', 436, 420 ]
181 silly gunzTarPerm extractEntry example/feeds.js
182 silly gunzTarPerm modified mode [ 'example/feeds.js', 436, 420 ]
183 silly gunzTarPerm extractEntry example/protoservice.js
184 silly gunzTarPerm modified mode [ 'example/protoservice.js', 436, 420 ]
185 silly gunzTarPerm extractEntry example/feeds.desc
186 silly gunzTarPerm modified mode [ 'example/feeds.desc', 436, 420 ]
187 silly gunzTarPerm extractEntry example/feeds.proto
188 silly gunzTarPerm modified mode [ 'example/feeds.proto', 436, 420 ]
189 silly gunzTarPerm extractEntry example/protoservice.cc
190 silly gunzTarPerm modified mode [ 'example/protoservice.cc', 436, 420 ]
191 silly gunzTarPerm extractEntry example/protoservice.pb.cc
192 silly gunzTarPerm modified mode [ 'example/protoservice.pb.cc', 436, 420 ]
193 silly gunzTarPerm extractEntry example/protoservice.pb.h
194 silly gunzTarPerm modified mode [ 'example/protoservice.pb.h', 436, 420 ]
195 silly gunzTarPerm extractEntry example/protoservice.proto
196 silly gunzTarPerm modified mode [ 'example/protoservice.proto', 436, 420 ]
197 silly gunzTarPerm extractEntry COPYING
198 silly gunzTarPerm modified mode [ 'COPYING', 436, 420 ]
199 silly gunzTarPerm extractEntry protobuf/CHANGES.txt
200 silly gunzTarPerm modified mode [ 'protobuf/CHANGES.txt', 436, 420 ]
201 silly gunzTarPerm extractEntry protobuf/CONTRIBUTORS.txt
202 silly gunzTarPerm modified mode [ 'protobuf/CONTRIBUTORS.txt', 436, 420 ]
203 silly gunzTarPerm extractEntry protobuf/COPYING.txt
204 silly gunzTarPerm modified mode [ 'protobuf/COPYING.txt', 436, 420 ]
205 silly gunzTarPerm extractEntry protobuf/INSTALL.txt
206 silly gunzTarPerm modified mode [ 'protobuf/INSTALL.txt', 436, 420 ]
207 silly gunzTarPerm extractEntry protobuf/README.chromium
208 silly gunzTarPerm modified mode [ 'protobuf/README.chromium', 436, 420 ]
209 silly gunzTarPerm extractEntry protobuf/README.txt
210 silly gunzTarPerm modified mode [ 'protobuf/README.txt', 436, 420 ]
211 silly gunzTarPerm extractEntry protobuf/config.h
212 silly gunzTarPerm modified mode [ 'protobuf/config.h', 436, 420 ]
213 silly gunzTarPerm extractEntry protobuf/protobuf.gyp
214 silly gunzTarPerm modified mode [ 'protobuf/protobuf.gyp', 436, 420 ]
215 silly gunzTarPerm extractEntry protobuf/src/Makefile.am
216 silly gunzTarPerm modified mode [ 'protobuf/src/Makefile.am', 436, 420 ]
217 silly gunzTarPerm extractEntry protobuf/src/google/protobuf/repeated_field.h
218 silly gunzTarPerm modified mode [ 'protobuf/src/google/protobuf/repeated_field.h', 436, 420 ]
219 silly gunzTarPerm extractEntry protobuf/src/google/protobuf/compiler/parser.cc
220 silly gunzTarPerm modified mode [ 'protobuf/src/google/protobuf/compiler/parser.cc', 436, 420 ]
221 silly gunzTarPerm extractEntry protobuf/src/google/protobuf/compiler/code_generator.cc
222 silly gunzTarPerm modified mode [ 'protobuf/src/google/protobuf/compiler/code_generator.cc',
222 silly gunzTarPerm   436,
222 silly gunzTarPerm   420 ]
223 silly gunzTarPerm extractEntry protobuf/src/google/protobuf/compiler/command_line_interface.cc
224 silly gunzTarPerm modified mode [ 'protobuf/src/google/protobuf/compiler/command_line_interface.cc',
224 silly gunzTarPerm   436,
224 silly gunzTarPerm   420 ]
225 silly gunzTarPerm extractEntry protobuf/src/google/protobuf/compiler/command_line_interface.h
226 silly gunzTarPerm modified mode [ 'protobuf/src/google/protobuf/compiler/command_line_interface.h',
226 silly gunzTarPerm   436,
226 silly gunzTarPerm   420 ]
227 silly gentlyRm /opt/derivco/derivco/node_modules/.staging/nan-3ea3a1dd/node_modules is being purged
228 verbose gentlyRm don't care about contents; nuking /opt/derivco/derivco/node_modules/.staging/nan-3ea3a1dd/node_modules
229 silly gunzTarPerm extractEntry protobuf/src/google/protobuf/compiler/command_line_interface_unittest.cc
230 silly gunzTarPerm modified mode [ 'protobuf/src/google/protobuf/compiler/command_line_interface_unittest.cc',
230 silly gunzTarPerm   436,
230 silly gunzTarPerm   420 ]
231 silly gunzTarPerm extractEntry protobuf/src/google/protobuf/compiler/cpp/cpp_helpers.h
232 silly gunzTarPerm modified mode [ 'protobuf/src/google/protobuf/compiler/cpp/cpp_helpers.h',
232 silly gunzTarPerm   436,
232 silly gunzTarPerm   420 ]
233 silly gunzTarPerm extractEntry protobuf/src/google/protobuf/compiler/cpp/cpp_bootstrap_unittest.cc
234 silly gunzTarPerm modified mode [ 'protobuf/src/google/protobuf/compiler/cpp/cpp_bootstrap_unittest.cc',
234 silly gunzTarPerm   436,
234 silly gunzTarPerm   420 ]
235 silly gunzTarPerm extractEntry protobuf/src/google/protobuf/compiler/cpp/cpp_enum.h
236 silly gunzTarPerm modified mode [ 'protobuf/src/google/protobuf/compiler/cpp/cpp_enum.h',
236 silly gunzTarPerm   436,
236 silly gunzTarPerm   420 ]
237 silly gunzTarPerm extractEntry protobuf/src/google/protobuf/compiler/cpp/cpp_enum_field.cc
238 silly gunzTarPerm modified mode [ 'protobuf/src/google/protobuf/compiler/cpp/cpp_enum_field.cc',
238 silly gunzTarPerm   436,
238 silly gunzTarPerm   420 ]
239 silly gunzTarPerm extractEntry protobuf/src/google/protobuf/compiler/cpp/cpp_enum_field.h
240 silly gunzTarPerm modified mode [ 'protobuf/src/google/protobuf/compiler/cpp/cpp_enum_field.h',
240 silly gunzTarPerm   436,
240 silly gunzTarPerm   420 ]
241 silly gunzTarPerm extractEntry protobuf/src/google/protobuf/compiler/cpp/cpp_extension.cc
242 silly gunzTarPerm modified mode [ 'protobuf/src/google/protobuf/compiler/cpp/cpp_extension.cc',
242 silly gunzTarPerm   436,
242 silly gunzTarPerm   420 ]
243 silly gunzTarPerm extractEntry protobuf/src/google/protobuf/compiler/cpp/cpp_extension.h
244 silly gunzTarPerm modified mode [ 'protobuf/src/google/protobuf/compiler/cpp/cpp_extension.h',
244 silly gunzTarPerm   436,
244 silly gunzTarPerm   420 ]
245 silly gunzTarPerm extractEntry protobuf/src/google/protobuf/compiler/cpp/cpp_field.cc
246 silly gunzTarPerm modified mode [ 'protobuf/src/google/protobuf/compiler/cpp/cpp_field.cc',
246 silly gunzTarPerm   436,
246 silly gunzTarPerm   420 ]
247 silly gunzTarPerm extractEntry protobuf/src/google/protobuf/compiler/cpp/cpp_field.h
248 silly gunzTarPerm modified mode [ 'protobuf/src/google/protobuf/compiler/cpp/cpp_field.h',
248 silly gunzTarPerm   436,
248 silly gunzTarPerm   420 ]
249 silly gunzTarPerm extractEntry protobuf/src/google/protobuf/compiler/cpp/cpp_file.cc
250 silly gunzTarPerm modified mode [ 'protobuf/src/google/protobuf/compiler/cpp/cpp_file.cc',
250 silly gunzTarPerm   436,
250 silly gunzTarPerm   420 ]
251 silly gunzTarPerm extractEntry protobuf/src/google/protobuf/compiler/cpp/cpp_file.h
252 silly gunzTarPerm modified mode [ 'protobuf/src/google/protobuf/compiler/cpp/cpp_file.h',
252 silly gunzTarPerm   436,
252 silly gunzTarPerm   420 ]
253 silly gunzTarPerm extractEntry protobuf/src/google/protobuf/compiler/cpp/cpp_generator.cc
254 silly gunzTarPerm modified mode [ 'protobuf/src/google/protobuf/compiler/cpp/cpp_generator.cc',
254 silly gunzTarPerm   436,
254 silly gunzTarPerm   420 ]
255 silly gunzTarPerm extractEntry protobuf/src/google/protobuf/compiler/cpp/cpp_generator.h
256 silly gunzTarPerm modified mode [ 'protobuf/src/google/protobuf/compiler/cpp/cpp_generator.h',
256 silly gunzTarPerm   436,
256 silly gunzTarPerm   420 ]
257 silly gunzTarPerm extractEntry protobuf/src/google/protobuf/compiler/cpp/cpp_helpers.cc
258 silly gunzTarPerm modified mode [ 'protobuf/src/google/protobuf/compiler/cpp/cpp_helpers.cc',
258 silly gunzTarPerm   436,
258 silly gunzTarPerm   420 ]
259 silly gunzTarPerm extractEntry protobuf/src/google/protobuf/compiler/cpp/cpp_enum.cc
260 silly gunzTarPerm modified mode [ 'protobuf/src/google/protobuf/compiler/cpp/cpp_enum.cc',
260 silly gunzTarPerm   436,
260 silly gunzTarPerm   420 ]
261 silly gunzTarPerm extractEntry protobuf/src/google/protobuf/compiler/cpp/cpp_message.cc
262 silly gunzTarPerm modified mode [ 'protobuf/src/google/protobuf/compiler/cpp/cpp_message.cc',
262 silly gunzTarPerm   436,
262 silly gunzTarPerm   420 ]
263 silly gunzTarPerm extractEntry protobuf/src/google/protobuf/compiler/cpp/cpp_message.h
264 silly gunzTarPerm modified mode [ 'protobuf/src/google/protobuf/compiler/cpp/cpp_message.h',
264 silly gunzTarPerm   436,
264 silly gunzTarPerm   420 ]
265 silly gunzTarPerm extractEntry protobuf/src/google/protobuf/compiler/cpp/cpp_message_field.cc
266 silly gunzTarPerm modified mode [ 'protobuf/src/google/protobuf/compiler/cpp/cpp_message_field.cc',
266 silly gunzTarPerm   436,
266 silly gunzTarPerm   420 ]
267 silly gunzTarPerm extractEntry protobuf/src/google/protobuf/compiler/cpp/cpp_message_field.h
268 silly gunzTarPerm modified mode [ 'protobuf/src/google/protobuf/compiler/cpp/cpp_message_field.h',
268 silly gunzTarPerm   436,
268 silly gunzTarPerm   420 ]
269 silly gunzTarPerm extractEntry protobuf/src/google/protobuf/compiler/cpp/cpp_plugin_unittest.cc
270 silly gunzTarPerm modified mode [ 'protobuf/src/google/protobuf/compiler/cpp/cpp_plugin_unittest.cc',
270 silly gunzTarPerm   436,
270 silly gunzTarPerm   420 ]
271 silly gunzTarPerm extractEntry protobuf/src/google/protobuf/compiler/cpp/cpp_primitive_field.cc
272 silly gunzTarPerm modified mode [ 'protobuf/src/google/protobuf/compiler/cpp/cpp_primitive_field.cc',
272 silly gunzTarPerm   436,
272 silly gunzTarPerm   420 ]
273 silly gunzTarPerm extractEntry protobuf/src/google/protobuf/compiler/cpp/cpp_primitive_field.h
274 silly gunzTarPerm modified mode [ 'protobuf/src/google/protobuf/compiler/cpp/cpp_primitive_field.h',
274 silly gunzTarPerm   436,
274 silly gunzTarPerm   420 ]
275 silly gunzTarPerm extractEntry protobuf/src/google/protobuf/compiler/cpp/cpp_service.cc
276 silly gunzTarPerm modified mode [ 'protobuf/src/google/protobuf/compiler/cpp/cpp_service.cc',
276 silly gunzTarPerm   436,
276 silly gunzTarPerm   420 ]
277 silly gunzTarPerm extractEntry protobuf/src/google/protobuf/compiler/cpp/cpp_service.h
278 silly gunzTarPerm modified mode [ 'protobuf/src/google/protobuf/compiler/cpp/cpp_service.h',
278 silly gunzTarPerm   436,
278 silly gunzTarPerm   420 ]
279 silly gunzTarPerm extractEntry protobuf/src/google/protobuf/compiler/cpp/cpp_string_field.cc
280 silly gunzTarPerm modified mode [ 'protobuf/src/google/protobuf/compiler/cpp/cpp_string_field.cc',
280 silly gunzTarPerm   436,
280 silly gunzTarPerm   420 ]
281 silly gunzTarPerm extractEntry protobuf/src/google/protobuf/compiler/cpp/cpp_string_field.h
282 silly gunzTarPerm modified mode [ 'protobuf/src/google/protobuf/compiler/cpp/cpp_string_field.h',
282 silly gunzTarPerm   436,
282 silly gunzTarPerm   420 ]
283 silly gunzTarPerm extractEntry protobuf/src/google/protobuf/compiler/cpp/cpp_test_bad_identifiers.proto
284 silly gunzTarPerm modified mode [ 'protobuf/src/google/protobuf/compiler/cpp/cpp_test_bad_identifiers.proto',
284 silly gunzTarPerm   436,
284 silly gunzTarPerm   420 ]
285 silly gunzTarPerm extractEntry protobuf/src/google/protobuf/compiler/cpp/cpp_unittest.cc
286 silly gunzTarPerm modified mode [ 'protobuf/src/google/protobuf/compiler/cpp/cpp_unittest.cc',
286 silly gunzTarPerm   436,
286 silly gunzTarPerm   420 ]
287 silly gunzTarPerm extractEntry protobuf/src/google/protobuf/compiler/importer.cc
288 silly gunzTarPerm modified mode [ 'protobuf/src/google/protobuf/compiler/importer.cc', 436, 420 ]
289 silly gunzTarPerm extractEntry protobuf/src/google/protobuf/compiler/importer.h
290 silly gunzTarPerm modified mode [ 'protobuf/src/google/protobuf/compiler/importer.h', 436, 420 ]
291 silly gunzTarPerm extractEntry protobuf/src/google/protobuf/compiler/importer_unittest.cc
292 silly gunzTarPerm modified mode [ 'protobuf/src/google/protobuf/compiler/importer_unittest.cc',
292 silly gunzTarPerm   436,
292 silly gunzTarPerm   420 ]
293 silly gunzTarPerm extractEntry protobuf/src/google/protobuf/compiler/java/java_helpers.cc
294 silly gunzTarPerm modified mode [ 'protobuf/src/google/protobuf/compiler/java/java_helpers.cc',
294 silly gunzTarPerm   436,
294 silly gunzTarPerm   420 ]
295 silly gunzTarPerm extractEntry protobuf/src/google/protobuf/compiler/java/java_enum.cc
296 silly gunzTarPerm modified mode [ 'protobuf/src/google/protobuf/compiler/java/java_enum.cc',
296 silly gunzTarPerm   436,
296 silly gunzTarPerm   420 ]
297 silly gunzTarPerm extractEntry protobuf/src/google/protobuf/compiler/java/java_enum_field.cc
298 silly gunzTarPerm modified mode [ 'protobuf/src/google/protobuf/compiler/java/java_enum_field.cc',
298 silly gunzTarPerm   436,
298 silly gunzTarPerm   420 ]
299 silly gunzTarPerm extractEntry protobuf/src/google/protobuf/compiler/java/java_enum_field.h
300 silly gunzTarPerm modified mode [ 'protobuf/src/google/protobuf/compiler/java/java_enum_field.h',
300 silly gunzTarPerm   436,
300 silly gunzTarPerm   420 ]
301 silly gunzTarPerm extractEntry protobuf/src/google/protobuf/compiler/java/java_extension.cc
302 silly gunzTarPerm modified mode [ 'protobuf/src/google/protobuf/compiler/java/java_extension.cc',
302 silly gunzTarPerm   436,
302 silly gunzTarPerm   420 ]
303 silly gunzTarPerm extractEntry protobuf/src/google/protobuf/compiler/java/java_extension.h
304 silly gunzTarPerm modified mode [ 'protobuf/src/google/protobuf/compiler/java/java_extension.h',
304 silly gunzTarPerm   436,
304 silly gunzTarPerm   420 ]
305 silly gunzTarPerm extractEntry protobuf/src/google/protobuf/compiler/java/java_field.cc
306 silly gunzTarPerm modified mode [ 'protobuf/src/google/protobuf/compiler/java/java_field.cc',
306 silly gunzTarPerm   436,
306 silly gunzTarPerm   420 ]
307 silly gunzTarPerm extractEntry protobuf/src/google/protobuf/compiler/java/java_field.h
308 silly gunzTarPerm modified mode [ 'protobuf/src/google/protobuf/compiler/java/java_field.h',
308 silly gunzTarPerm   436,
308 silly gunzTarPerm   420 ]
309 silly gunzTarPerm extractEntry protobuf/src/google/protobuf/compiler/java/java_file.cc
310 silly gunzTarPerm modified mode [ 'protobuf/src/google/protobuf/compiler/java/java_file.cc',
310 silly gunzTarPerm   436,
310 silly gunzTarPerm   420 ]
311 silly gunzTarPerm extractEntry protobuf/src/google/protobuf/compiler/java/java_file.h
312 silly gunzTarPerm modified mode [ 'protobuf/src/google/protobuf/compiler/java/java_file.h',
312 silly gunzTarPerm   436,
312 silly gunzTarPerm   420 ]
313 silly gunzTarPerm extractEntry protobuf/src/google/protobuf/compiler/java/java_generator.cc
314 silly gunzTarPerm modified mode [ 'protobuf/src/google/protobuf/compiler/java/java_generator.cc',
314 silly gunzTarPerm   436,
314 silly gunzTarPerm   420 ]
315 silly gunzTarPerm extractEntry protobuf/src/google/protobuf/compiler/java/java_generator.h
316 silly gunzTarPerm modified mode [ 'protobuf/src/google/protobuf/compiler/java/java_generator.h',
316 silly gunzTarPerm   436,
316 silly gunzTarPerm   420 ]
317 silly gunzTarPerm extractEntry protobuf/src/google/protobuf/compiler/java/java_enum.h
318 silly gunzTarPerm modified mode [ 'protobuf/src/google/protobuf/compiler/java/java_enum.h',
318 silly gunzTarPerm   436,
318 silly gunzTarPerm   420 ]
319 silly gunzTarPerm extractEntry protobuf/src/google/protobuf/compiler/java/java_helpers.h
320 silly gunzTarPerm modified mode [ 'protobuf/src/google/protobuf/compiler/java/java_helpers.h',
320 silly gunzTarPerm   436,
320 silly gunzTarPerm   420 ]
321 silly gunzTarPerm extractEntry protobuf/src/google/protobuf/compiler/java/java_message.cc
322 silly gunzTarPerm modified mode [ 'protobuf/src/google/protobuf/compiler/java/java_message.cc',
322 silly gunzTarPerm   436,
322 silly gunzTarPerm   420 ]
323 silly gunzTarPerm extractEntry protobuf/src/google/protobuf/compiler/java/java_message.h
324 silly gunzTarPerm modified mode [ 'protobuf/src/google/protobuf/compiler/java/java_message.h',
324 silly gunzTarPerm   436,
324 silly gunzTarPerm   420 ]
325 silly gunzTarPerm extractEntry protobuf/src/google/protobuf/compiler/java/java_message_field.cc
326 silly gunzTarPerm modified mode [ 'protobuf/src/google/protobuf/compiler/java/java_message_field.cc',
326 silly gunzTarPerm   436,
326 silly gunzTarPerm   420 ]
327 silly gunzTarPerm extractEntry protobuf/src/google/protobuf/compiler/java/java_message_field.h
328 silly gunzTarPerm modified mode [ 'protobuf/src/google/protobuf/compiler/java/java_message_field.h',
328 silly gunzTarPerm   436,
328 silly gunzTarPerm   420 ]
329 silly gunzTarPerm extractEntry protobuf/src/google/protobuf/compiler/java/java_plugin_unittest.cc
330 silly gunzTarPerm modified mode [ 'protobuf/src/google/protobuf/compiler/java/java_plugin_unittest.cc',
330 silly gunzTarPerm   436,
330 silly gunzTarPerm   420 ]
331 silly gunzTarPerm extractEntry protobuf/src/google/protobuf/compiler/java/java_primitive_field.cc
332 silly gunzTarPerm modified mode [ 'protobuf/src/google/protobuf/compiler/java/java_primitive_field.cc',
332 silly gunzTarPerm   436,
332 silly gunzTarPerm   420 ]
333 silly gunzTarPerm extractEntry protobuf/src/google/protobuf/compiler/java/java_primitive_field.h
334 silly gunzTarPerm modified mode [ 'protobuf/src/google/protobuf/compiler/java/java_primitive_field.h',
334 silly gunzTarPerm   436,
334 silly gunzTarPerm   420 ]
335 silly gunzTarPerm extractEntry protobuf/src/google/protobuf/compiler/java/java_service.cc
336 silly gunzTarPerm modified mode [ 'protobuf/src/google/protobuf/compiler/java/java_service.cc',
336 silly gunzTarPerm   436,
336 silly gunzTarPerm   420 ]
337 silly gunzTarPerm extractEntry protobuf/src/google/protobuf/compiler/java/java_service.h
338 silly gunzTarPerm modified mode [ 'protobuf/src/google/protobuf/compiler/java/java_service.h',
338 silly gunzTarPerm   436,
338 silly gunzTarPerm   420 ]
339 silly gunzTarPerm extractEntry protobuf/src/google/protobuf/compiler/java/java_string_field.cc
340 silly gunzTarPerm modified mode [ 'protobuf/src/google/protobuf/compiler/java/java_string_field.cc',
340 silly gunzTarPerm   436,
340 silly gunzTarPerm   420 ]
341 silly gunzTarPerm extractEntry protobuf/src/google/protobuf/compiler/java/java_string_field.h
342 silly gunzTarPerm modified mode [ 'protobuf/src/google/protobuf/compiler/java/java_string_field.h',
342 silly gunzTarPerm   436,
342 silly gunzTarPerm   420 ]
343 silly gunzTarPerm extractEntry protobuf/src/google/protobuf/compiler/main.cc
344 silly gunzTarPerm modified mode [ 'protobuf/src/google/protobuf/compiler/main.cc', 436, 420 ]
345 silly gunzTarPerm extractEntry protobuf/src/google/protobuf/compiler/mock_code_generator.cc
346 silly gunzTarPerm modified mode [ 'protobuf/src/google/protobuf/compiler/mock_code_generator.cc',
346 silly gunzTarPerm   436,
346 silly gunzTarPerm   420 ]
347 silly gunzTarPerm extractEntry protobuf/src/google/protobuf/compiler/mock_code_generator.h
348 silly gunzTarPerm modified mode [ 'protobuf/src/google/protobuf/compiler/mock_code_generator.h',
348 silly gunzTarPerm   436,
348 silly gunzTarPerm   420 ]
349 silly gunzTarPerm extractEntry protobuf/src/google/protobuf/compiler/package_info.h
350 silly gunzTarPerm modified mode [ 'protobuf/src/google/protobuf/compiler/package_info.h',
350 silly gunzTarPerm   436,
350 silly gunzTarPerm   420 ]
351 silly gunzTarPerm extractEntry protobuf/src/google/protobuf/compiler/code_generator.h
352 silly gunzTarPerm modified mode [ 'protobuf/src/google/protobuf/compiler/code_generator.h',
352 silly gunzTarPerm   436,
352 silly gunzTarPerm   420 ]
353 silly gunzTarPerm extractEntry protobuf/src/google/protobuf/compiler/parser.h
354 silly gunzTarPerm modified mode [ 'protobuf/src/google/protobuf/compiler/parser.h', 436, 420 ]
355 silly gunzTarPerm extractEntry protobuf/src/google/protobuf/compiler/parser_unittest.cc
356 silly gunzTarPerm modified mode [ 'protobuf/src/google/protobuf/compiler/parser_unittest.cc',
356 silly gunzTarPerm   436,
356 silly gunzTarPerm   420 ]
357 silly gunzTarPerm extractEntry protobuf/src/google/protobuf/compiler/plugin.cc
358 silly gunzTarPerm modified mode [ 'protobuf/src/google/protobuf/compiler/plugin.cc', 436, 420 ]
359 silly gunzTarPerm extractEntry protobuf/src/google/protobuf/compiler/plugin.h
360 silly gunzTarPerm modified mode [ 'protobuf/src/google/protobuf/compiler/plugin.h', 436, 420 ]
361 silly gunzTarPerm extractEntry protobuf/src/google/protobuf/compiler/plugin.pb.cc
362 silly gunzTarPerm modified mode [ 'protobuf/src/google/protobuf/compiler/plugin.pb.cc',
362 silly gunzTarPerm   436,
362 silly gunzTarPerm   420 ]
363 silly gunzTarPerm extractEntry protobuf/src/google/protobuf/compiler/plugin.pb.h
364 silly gunzTarPerm modified mode [ 'protobuf/src/google/protobuf/compiler/plugin.pb.h', 436, 420 ]
365 silly gunzTarPerm extractEntry protobuf/src/google/protobuf/compiler/plugin.proto
366 silly gunzTarPerm modified mode [ 'protobuf/src/google/protobuf/compiler/plugin.proto',
366 silly gunzTarPerm   436,
366 silly gunzTarPerm   420 ]
367 silly gunzTarPerm extractEntry protobuf/src/google/protobuf/compiler/python/python_generator.cc
368 silly gunzTarPerm modified mode [ 'protobuf/src/google/protobuf/compiler/python/python_generator.cc',
368 silly gunzTarPerm   436,
368 silly gunzTarPerm   420 ]
369 silly gunzTarPerm extractEntry protobuf/src/google/protobuf/compiler/python/python_generator.h
370 silly gunzTarPerm modified mode [ 'protobuf/src/google/protobuf/compiler/python/python_generator.h',
370 silly gunzTarPerm   436,
370 silly gunzTarPerm   420 ]
371 silly gunzTarPerm extractEntry protobuf/src/google/protobuf/compiler/python/python_plugin_unittest.cc
372 silly gunzTarPerm modified mode [ 'protobuf/src/google/protobuf/compiler/python/python_plugin_unittest.cc',
372 silly gunzTarPerm   436,
372 silly gunzTarPerm   420 ]
373 silly gunzTarPerm extractEntry protobuf/src/google/protobuf/compiler/subprocess.cc
374 silly gunzTarPerm modified mode [ 'protobuf/src/google/protobuf/compiler/subprocess.cc',
374 silly gunzTarPerm   436,
374 silly gunzTarPerm   420 ]
375 silly gunzTarPerm extractEntry protobuf/src/google/protobuf/compiler/subprocess.h
376 silly gunzTarPerm modified mode [ 'protobuf/src/google/protobuf/compiler/subprocess.h',
376 silly gunzTarPerm   436,
376 silly gunzTarPerm   420 ]
377 silly gunzTarPerm extractEntry protobuf/src/google/protobuf/compiler/test_plugin.cc
378 silly gunzTarPerm modified mode [ 'protobuf/src/google/protobuf/compiler/test_plugin.cc',
378 silly gunzTarPerm   436,
378 silly gunzTarPerm   420 ]
379 silly gunzTarPerm extractEntry protobuf/src/google/protobuf/compiler/zip_output_unittest.sh
380 silly gunzTarPerm modified mode [ 'protobuf/src/google/protobuf/compiler/zip_output_unittest.sh',
380 silly gunzTarPerm   509,
380 silly gunzTarPerm   493 ]
381 silly gunzTarPerm extractEntry protobuf/src/google/protobuf/compiler/zip_writer.cc
382 silly gunzTarPerm modified mode [ 'protobuf/src/google/protobuf/compiler/zip_writer.cc',
382 silly gunzTarPerm   436,
382 silly gunzTarPerm   420 ]
383 silly gunzTarPerm extractEntry protobuf/src/google/protobuf/compiler/zip_writer.h
384 silly gunzTarPerm modified mode [ 'protobuf/src/google/protobuf/compiler/zip_writer.h',
384 silly gunzTarPerm   436,
384 silly gunzTarPerm   420 ]
385 silly gunzTarPerm extractEntry protobuf/src/google/protobuf/descriptor.h
386 silly gunzTarPerm modified mode [ 'protobuf/src/google/protobuf/descriptor.h', 436, 420 ]
387 silly gunzTarPerm extractEntry protobuf/src/google/protobuf/descriptor.pb.cc
388 silly gunzTarPerm modified mode [ 'protobuf/src/google/protobuf/descriptor.pb.cc', 436, 420 ]
389 silly gunzTarPerm extractEntry protobuf/src/google/protobuf/descriptor.pb.h
390 silly gunzTarPerm modified mode [ 'protobuf/src/google/protobuf/descriptor.pb.h', 436, 420 ]
391 silly gunzTarPerm extractEntry protobuf/src/google/protobuf/descriptor.proto
392 silly gunzTarPerm modified mode [ 'protobuf/src/google/protobuf/descriptor.proto', 436, 420 ]
393 silly gunzTarPerm extractEntry protobuf/src/google/protobuf/descriptor_database.cc
394 silly gunzTarPerm modified mode [ 'protobuf/src/google/protobuf/descriptor_database.cc',
394 silly gunzTarPerm   436,
394 silly gunzTarPerm   420 ]
395 silly gunzTarPerm extractEntry protobuf/src/google/protobuf/descriptor_database.h
396 silly gunzTarPerm modified mode [ 'protobuf/src/google/protobuf/descriptor_database.h',
396 silly gunzTarPerm   436,
396 silly gunzTarPerm   420 ]
397 silly gunzTarPerm extractEntry protobuf/src/google/protobuf/descriptor_database_unittest.cc
398 silly gunzTarPerm modified mode [ 'protobuf/src/google/protobuf/descriptor_database_unittest.cc',
398 silly gunzTarPerm   436,
398 silly gunzTarPerm   420 ]
399 silly gunzTarPerm extractEntry protobuf/src/google/protobuf/descriptor_unittest.cc
400 silly gunzTarPerm modified mode [ 'protobuf/src/google/protobuf/descriptor_unittest.cc',
400 silly gunzTarPerm   436,
400 silly gunzTarPerm   420 ]
401 silly gunzTarPerm extractEntry protobuf/src/google/protobuf/dynamic_message.cc
402 silly gunzTarPerm modified mode [ 'protobuf/src/google/protobuf/dynamic_message.cc', 436, 420 ]
403 silly gunzTarPerm extractEntry protobuf/src/google/protobuf/dynamic_message.h
404 silly gunzTarPerm modified mode [ 'protobuf/src/google/protobuf/dynamic_message.h', 436, 420 ]
405 silly gunzTarPerm extractEntry protobuf/src/google/protobuf/dynamic_message_unittest.cc
406 silly gunzTarPerm modified mode [ 'protobuf/src/google/protobuf/dynamic_message_unittest.cc',
406 silly gunzTarPerm   436,
406 silly gunzTarPerm   420 ]
407 silly gunzTarPerm extractEntry protobuf/src/google/protobuf/extension_set.cc
408 silly gunzTarPerm modified mode [ 'protobuf/src/google/protobuf/extension_set.cc', 436, 420 ]
409 silly gunzTarPerm extractEntry protobuf/src/google/protobuf/extension_set.h
410 silly gunzTarPerm modified mode [ 'protobuf/src/google/protobuf/extension_set.h', 436, 420 ]
411 silly gunzTarPerm extractEntry protobuf/src/google/protobuf/extension_set_heavy.cc
412 silly gunzTarPerm modified mode [ 'protobuf/src/google/protobuf/extension_set_heavy.cc',
412 silly gunzTarPerm   436,
412 silly gunzTarPerm   420 ]
413 silly gunzTarPerm extractEntry protobuf/src/google/protobuf/extension_set_unittest.cc
414 silly gunzTarPerm modified mode [ 'protobuf/src/google/protobuf/extension_set_unittest.cc',
414 silly gunzTarPerm   436,
414 silly gunzTarPerm   420 ]
415 silly gunzTarPerm extractEntry protobuf/src/google/protobuf/generated_message_reflection.cc
416 silly gunzTarPerm modified mode [ 'protobuf/src/google/protobuf/generated_message_reflection.cc',
416 silly gunzTarPerm   436,
416 silly gunzTarPerm   420 ]
417 silly gunzTarPerm extractEntry protobuf/src/google/protobuf/generated_message_reflection.h
418 silly gunzTarPerm modified mode [ 'protobuf/src/google/protobuf/generated_message_reflection.h',
418 silly gunzTarPerm   436,
418 silly gunzTarPerm   420 ]
419 silly gunzTarPerm extractEntry protobuf/src/google/protobuf/generated_message_reflection_unittest.cc
420 silly gunzTarPerm modified mode [ 'protobuf/src/google/protobuf/generated_message_reflection_unittest.cc',
420 silly gunzTarPerm   436,
420 silly gunzTarPerm   420 ]
421 silly gunzTarPerm extractEntry protobuf/src/google/protobuf/generated_message_util.cc
422 silly gunzTarPerm modified mode [ 'protobuf/src/google/protobuf/generated_message_util.cc',
422 silly gunzTarPerm   436,
422 silly gunzTarPerm   420 ]
423 silly gunzTarPerm extractEntry protobuf/src/google/protobuf/generated_message_util.h
424 silly gunzTarPerm modified mode [ 'protobuf/src/google/protobuf/generated_message_util.h',
424 silly gunzTarPerm   436,
424 silly gunzTarPerm   420 ]
425 silly gunzTarPerm extractEntry protobuf/src/google/protobuf/io/printer_unittest.cc
426 silly gunzTarPerm modified mode [ 'protobuf/src/google/protobuf/io/printer_unittest.cc',
426 silly gunzTarPerm   436,
426 silly gunzTarPerm   420 ]
427 silly gunzTarPerm extractEntry protobuf/src/google/protobuf/io/coded_stream.cc
428 silly gunzTarPerm modified mode [ 'protobuf/src/google/protobuf/io/coded_stream.cc', 436, 420 ]
429 silly gunzTarPerm extractEntry protobuf/src/google/protobuf/io/coded_stream_inl.h
430 silly gunzTarPerm modified mode [ 'protobuf/src/google/protobuf/io/coded_stream_inl.h',
430 silly gunzTarPerm   436,
430 silly gunzTarPerm   420 ]
431 silly gunzTarPerm extractEntry protobuf/src/google/protobuf/io/coded_stream_unittest.cc
432 silly gunzTarPerm modified mode [ 'protobuf/src/google/protobuf/io/coded_stream_unittest.cc',
432 silly gunzTarPerm   436,
432 silly gunzTarPerm   420 ]
433 silly gunzTarPerm extractEntry protobuf/src/google/protobuf/io/gzip_stream.cc
434 silly gunzTarPerm modified mode [ 'protobuf/src/google/protobuf/io/gzip_stream.cc', 436, 420 ]
435 silly gunzTarPerm extractEntry protobuf/src/google/protobuf/io/gzip_stream.h
436 silly gunzTarPerm modified mode [ 'protobuf/src/google/protobuf/io/gzip_stream.h', 436, 420 ]
437 silly gunzTarPerm extractEntry protobuf/src/google/protobuf/io/gzip_stream_unittest.sh
438 silly gunzTarPerm modified mode [ 'protobuf/src/google/protobuf/io/gzip_stream_unittest.sh',
438 silly gunzTarPerm   509,
438 silly gunzTarPerm   493 ]
439 silly gunzTarPerm extractEntry protobuf/src/google/protobuf/io/package_info.h
440 silly gunzTarPerm modified mode [ 'protobuf/src/google/protobuf/io/package_info.h', 436, 420 ]
441 silly gunzTarPerm extractEntry protobuf/src/google/protobuf/io/printer.cc
442 silly gunzTarPerm modified mode [ 'protobuf/src/google/protobuf/io/printer.cc', 436, 420 ]
443 silly gunzTarPerm extractEntry protobuf/src/google/protobuf/io/printer.h
444 silly gunzTarPerm modified mode [ 'protobuf/src/google/protobuf/io/printer.h', 436, 420 ]
445 silly gunzTarPerm extractEntry protobuf/src/google/protobuf/io/coded_stream.h
446 silly gunzTarPerm modified mode [ 'protobuf/src/google/protobuf/io/coded_stream.h', 436, 420 ]
447 silly gunzTarPerm extractEntry protobuf/src/google/protobuf/io/tokenizer.cc
448 silly gunzTarPerm modified mode [ 'protobuf/src/google/protobuf/io/tokenizer.cc', 436, 420 ]
449 silly gunzTarPerm extractEntry protobuf/src/google/protobuf/io/tokenizer.h
450 silly gunzTarPerm modified mode [ 'protobuf/src/google/protobuf/io/tokenizer.h', 436, 420 ]
451 silly gunzTarPerm extractEntry protobuf/src/google/protobuf/io/tokenizer_unittest.cc
452 silly gunzTarPerm modified mode [ 'protobuf/src/google/protobuf/io/tokenizer_unittest.cc',
452 silly gunzTarPerm   436,
452 silly gunzTarPerm   420 ]
453 silly gunzTarPerm extractEntry protobuf/src/google/protobuf/io/zero_copy_stream.cc
454 silly gunzTarPerm modified mode [ 'protobuf/src/google/protobuf/io/zero_copy_stream.cc',
454 silly gunzTarPerm   436,
454 silly gunzTarPerm   420 ]
455 silly gunzTarPerm extractEntry protobuf/src/google/protobuf/io/zero_copy_stream.h
456 silly gunzTarPerm modified mode [ 'protobuf/src/google/protobuf/io/zero_copy_stream.h',
456 silly gunzTarPerm   436,
456 silly gunzTarPerm   420 ]
457 silly gunzTarPerm extractEntry protobuf/src/google/protobuf/io/zero_copy_stream_impl.cc
458 silly gunzTarPerm modified mode [ 'protobuf/src/google/protobuf/io/zero_copy_stream_impl.cc',
458 silly gunzTarPerm   436,
458 silly gunzTarPerm   420 ]
459 silly gunzTarPerm extractEntry protobuf/src/google/protobuf/io/zero_copy_stream_impl.h
460 silly gunzTarPerm modified mode [ 'protobuf/src/google/protobuf/io/zero_copy_stream_impl.h',
460 silly gunzTarPerm   436,
460 silly gunzTarPerm   420 ]
461 silly gunzTarPerm extractEntry protobuf/src/google/protobuf/io/zero_copy_stream_impl_lite.cc
462 silly gunzTarPerm modified mode [ 'protobuf/src/google/protobuf/io/zero_copy_stream_impl_lite.cc',
462 silly gunzTarPerm   436,
462 silly gunzTarPerm   420 ]
463 silly gunzTarPerm extractEntry protobuf/src/google/protobuf/io/zero_copy_stream_impl_lite.h
464 silly gunzTarPerm modified mode [ 'protobuf/src/google/protobuf/io/zero_copy_stream_impl_lite.h',
464 silly gunzTarPerm   436,
464 silly gunzTarPerm   420 ]
465 silly gunzTarPerm extractEntry protobuf/src/google/protobuf/io/zero_copy_stream_unittest.cc
466 silly gunzTarPerm modified mode [ 'protobuf/src/google/protobuf/io/zero_copy_stream_unittest.cc',
466 silly gunzTarPerm   436,
466 silly gunzTarPerm   420 ]
467 silly gunzTarPerm extractEntry protobuf/src/google/protobuf/lite_unittest.cc
468 silly gunzTarPerm modified mode [ 'protobuf/src/google/protobuf/lite_unittest.cc', 436, 420 ]
469 silly gunzTarPerm extractEntry protobuf/src/google/protobuf/message.cc
470 silly gunzTarPerm modified mode [ 'protobuf/src/google/protobuf/message.cc', 436, 420 ]
471 silly gunzTarPerm extractEntry protobuf/src/google/protobuf/message.h
472 silly gunzTarPerm modified mode [ 'protobuf/src/google/protobuf/message.h', 436, 420 ]
473 silly gunzTarPerm extractEntry protobuf/src/google/protobuf/message_lite.cc
474 silly gunzTarPerm modified mode [ 'protobuf/src/google/protobuf/message_lite.cc', 436, 420 ]
475 silly gunzTarPerm extractEntry protobuf/src/google/protobuf/message_lite.h
476 silly gunzTarPerm modified mode [ 'protobuf/src/google/protobuf/message_lite.h', 436, 420 ]
477 silly gunzTarPerm extractEntry protobuf/src/google/protobuf/message_unittest.cc
478 silly gunzTarPerm modified mode [ 'protobuf/src/google/protobuf/message_unittest.cc', 436, 420 ]
479 silly gunzTarPerm extractEntry protobuf/src/google/protobuf/package_info.h
480 silly gunzTarPerm modified mode [ 'protobuf/src/google/protobuf/package_info.h', 436, 420 ]
481 silly gunzTarPerm extractEntry protobuf/src/google/protobuf/reflection_ops.cc
482 silly gunzTarPerm modified mode [ 'protobuf/src/google/protobuf/reflection_ops.cc', 436, 420 ]
483 silly gunzTarPerm extractEntry protobuf/src/google/protobuf/reflection_ops.h
484 silly gunzTarPerm modified mode [ 'protobuf/src/google/protobuf/reflection_ops.h', 436, 420 ]
485 silly gunzTarPerm extractEntry protobuf/src/google/protobuf/reflection_ops_unittest.cc
486 silly gunzTarPerm modified mode [ 'protobuf/src/google/protobuf/reflection_ops_unittest.cc',
486 silly gunzTarPerm   436,
486 silly gunzTarPerm   420 ]
487 silly gunzTarPerm extractEntry protobuf/src/google/protobuf/repeated_field.cc
488 silly gunzTarPerm modified mode [ 'protobuf/src/google/protobuf/repeated_field.cc', 436, 420 ]
489 silly gunzTarPerm extractEntry protobuf/src/google/protobuf/descriptor.cc
490 silly gunzTarPerm modified mode [ 'protobuf/src/google/protobuf/descriptor.cc', 436, 420 ]
491 silly gunzTarPerm extractEntry protobuf/src/google/protobuf/repeated_field_unittest.cc
492 silly gunzTarPerm modified mode [ 'protobuf/src/google/protobuf/repeated_field_unittest.cc',
492 silly gunzTarPerm   436,
492 silly gunzTarPerm   420 ]
493 silly gunzTarPerm extractEntry protobuf/src/google/protobuf/service.cc
494 silly gunzTarPerm modified mode [ 'protobuf/src/google/protobuf/service.cc', 436, 420 ]
495 silly gunzTarPerm extractEntry protobuf/src/google/protobuf/service.h
496 silly gunzTarPerm modified mode [ 'protobuf/src/google/protobuf/service.h', 436, 420 ]
497 silly gunzTarPerm extractEntry protobuf/src/google/protobuf/stubs/stl_util-inl.h
498 silly gunzTarPerm modified mode [ 'protobuf/src/google/protobuf/stubs/stl_util-inl.h', 436, 420 ]
499 silly gunzTarPerm extractEntry protobuf/src/google/protobuf/stubs/common.cc
500 silly gunzTarPerm modified mode [ 'protobuf/src/google/protobuf/stubs/common.cc', 436, 420 ]
501 silly gunzTarPerm extractEntry protobuf/src/google/protobuf/stubs/common_unittest.cc
502 silly gunzTarPerm modified mode [ 'protobuf/src/google/protobuf/stubs/common_unittest.cc',
502 silly gunzTarPerm   436,
502 silly gunzTarPerm   420 ]
503 silly gunzTarPerm extractEntry protobuf/src/google/protobuf/stubs/hash.h
504 silly gunzTarPerm modified mode [ 'protobuf/src/google/protobuf/stubs/hash.h', 436, 420 ]
505 silly gunzTarPerm extractEntry protobuf/src/google/protobuf/stubs/map-util.h
506 silly gunzTarPerm modified mode [ 'protobuf/src/google/protobuf/stubs/map-util.h', 436, 420 ]
507 silly gunzTarPerm extractEntry protobuf/src/google/protobuf/stubs/once.cc
508 silly gunzTarPerm modified mode [ 'protobuf/src/google/protobuf/stubs/once.cc', 436, 420 ]
509 silly gunzTarPerm extractEntry protobuf/src/google/protobuf/stubs/once.h
510 silly gunzTarPerm modified mode [ 'protobuf/src/google/protobuf/stubs/once.h', 436, 420 ]
511 silly gunzTarPerm extractEntry protobuf/src/google/protobuf/stubs/once_unittest.cc
512 silly gunzTarPerm modified mode [ 'protobuf/src/google/protobuf/stubs/once_unittest.cc',
512 silly gunzTarPerm   436,
512 silly gunzTarPerm   420 ]
513 silly gunzTarPerm extractEntry protobuf/src/google/protobuf/stubs/common.h
514 silly gunzTarPerm modified mode [ 'protobuf/src/google/protobuf/stubs/common.h', 436, 420 ]
515 silly gunzTarPerm extractEntry protobuf/src/google/protobuf/stubs/structurally_valid.cc
516 silly gunzTarPerm modified mode [ 'protobuf/src/google/protobuf/stubs/structurally_valid.cc',
516 silly gunzTarPerm   436,
516 silly gunzTarPerm   420 ]
517 silly gunzTarPerm extractEntry protobuf/src/google/protobuf/stubs/structurally_valid_unittest.cc
518 silly gunzTarPerm modified mode [ 'protobuf/src/google/protobuf/stubs/structurally_valid_unittest.cc',
518 silly gunzTarPerm   436,
518 silly gunzTarPerm   420 ]
519 silly gunzTarPerm extractEntry protobuf/src/google/protobuf/stubs/strutil.cc
520 silly gunzTarPerm modified mode [ 'protobuf/src/google/protobuf/stubs/strutil.cc', 436, 420 ]
521 silly gunzTarPerm extractEntry protobuf/src/google/protobuf/stubs/strutil.h
522 silly gunzTarPerm modified mode [ 'protobuf/src/google/protobuf/stubs/strutil.h', 436, 420 ]
523 silly gunzTarPerm extractEntry protobuf/src/google/protobuf/stubs/strutil_unittest.cc
524 silly gunzTarPerm modified mode [ 'protobuf/src/google/protobuf/stubs/strutil_unittest.cc',
524 silly gunzTarPerm   436,
524 silly gunzTarPerm   420 ]
525 silly gunzTarPerm extractEntry protobuf/src/google/protobuf/stubs/substitute.cc
526 silly gunzTarPerm modified mode [ 'protobuf/src/google/protobuf/stubs/substitute.cc', 436, 420 ]
527 silly gunzTarPerm extractEntry protobuf/src/google/protobuf/stubs/substitute.h
528 silly gunzTarPerm modified mode [ 'protobuf/src/google/protobuf/stubs/substitute.h', 436, 420 ]
529 silly gunzTarPerm extractEntry protobuf/src/google/protobuf/test_util.cc
530 silly gunzTarPerm modified mode [ 'protobuf/src/google/protobuf/test_util.cc', 436, 420 ]
531 silly gunzTarPerm extractEntry protobuf/src/google/protobuf/test_util.h
532 silly gunzTarPerm modified mode [ 'protobuf/src/google/protobuf/test_util.h', 436, 420 ]
533 silly gunzTarPerm extractEntry protobuf/src/google/protobuf/test_util_lite.cc
534 silly gunzTarPerm modified mode [ 'protobuf/src/google/protobuf/test_util_lite.cc', 436, 420 ]
535 silly gunzTarPerm extractEntry protobuf/src/google/protobuf/test_util_lite.h
536 silly gunzTarPerm modified mode [ 'protobuf/src/google/protobuf/test_util_lite.h', 436, 420 ]
537 silly gunzTarPerm extractEntry protobuf/src/google/protobuf/testdata/golden_message
538 silly gunzTarPerm modified mode [ 'protobuf/src/google/protobuf/testdata/golden_message',
538 silly gunzTarPerm   436,
538 silly gunzTarPerm   420 ]
539 silly gunzTarPerm extractEntry protobuf/src/google/protobuf/testdata/golden_packed_fields_message
540 silly gunzTarPerm modified mode [ 'protobuf/src/google/protobuf/testdata/golden_packed_fields_message',
540 silly gunzTarPerm   436,
540 silly gunzTarPerm   420 ]
541 silly gunzTarPerm extractEntry protobuf/src/google/protobuf/testdata/text_format_unittest_data.txt
542 silly gunzTarPerm modified mode [ 'protobuf/src/google/protobuf/testdata/text_format_unittest_data.txt',
542 silly gunzTarPerm   436,
542 silly gunzTarPerm   420 ]
543 silly gunzTarPerm extractEntry protobuf/src/google/protobuf/testdata/text_format_unittest_extensions_data.txt
544 silly gunzTarPerm modified mode [ 'protobuf/src/google/protobuf/testdata/text_format_unittest_extensions_data.txt',
544 silly gunzTarPerm   436,
544 silly gunzTarPerm   420 ]
545 silly gunzTarPerm extractEntry protobuf/src/google/protobuf/testing/file.cc
546 silly gunzTarPerm modified mode [ 'protobuf/src/google/protobuf/testing/file.cc', 436, 420 ]
547 silly gunzTarPerm extractEntry protobuf/src/google/protobuf/testing/file.h
548 silly gunzTarPerm modified mode [ 'protobuf/src/google/protobuf/testing/file.h', 436, 420 ]
549 silly gunzTarPerm extractEntry protobuf/src/google/protobuf/testing/googletest.cc
550 silly gunzTarPerm modified mode [ 'protobuf/src/google/protobuf/testing/googletest.cc',
550 silly gunzTarPerm   436,
550 silly gunzTarPerm   420 ]
551 silly gunzTarPerm extractEntry protobuf/src/google/protobuf/testing/googletest.h
552 silly gunzTarPerm modified mode [ 'protobuf/src/google/protobuf/testing/googletest.h', 436, 420 ]
553 silly gunzTarPerm extractEntry protobuf/src/google/protobuf/testing/zcgunzip.cc
554 silly gunzTarPerm modified mode [ 'protobuf/src/google/protobuf/testing/zcgunzip.cc', 436, 420 ]
555 silly gunzTarPerm extractEntry protobuf/src/google/protobuf/testing/zcgzip.cc
556 silly gunzTarPerm modified mode [ 'protobuf/src/google/protobuf/testing/zcgzip.cc', 436, 420 ]
557 silly gunzTarPerm extractEntry protobuf/src/google/protobuf/text_format.cc
558 silly gunzTarPerm modified mode [ 'protobuf/src/google/protobuf/text_format.cc', 436, 420 ]
559 silly gunzTarPerm extractEntry protobuf/src/google/protobuf/text_format.h
560 silly gunzTarPerm modified mode [ 'protobuf/src/google/protobuf/text_format.h', 436, 420 ]
561 silly gunzTarPerm extractEntry protobuf/src/google/protobuf/text_format_unittest.cc
562 silly gunzTarPerm modified mode [ 'protobuf/src/google/protobuf/text_format_unittest.cc',
562 silly gunzTarPerm   436,
562 silly gunzTarPerm   420 ]
563 silly gunzTarPerm extractEntry protobuf/src/google/protobuf/unittest.proto
564 silly gunzTarPerm modified mode [ 'protobuf/src/google/protobuf/unittest.proto', 436, 420 ]
565 silly gunzTarPerm extractEntry protobuf/src/google/protobuf/unittest_custom_options.proto
566 silly gunzTarPerm modified mode [ 'protobuf/src/google/protobuf/unittest_custom_options.proto',
566 silly gunzTarPerm   436,
566 silly gunzTarPerm   420 ]
567 silly gunzTarPerm extractEntry protobuf/src/google/protobuf/unittest_embed_optimize_for.proto
568 silly gunzTarPerm modified mode [ 'protobuf/src/google/protobuf/unittest_embed_optimize_for.proto',
568 silly gunzTarPerm   436,
568 silly gunzTarPerm   420 ]
569 silly gunzTarPerm extractEntry protobuf/src/google/protobuf/unittest_empty.proto
570 silly gunzTarPerm modified mode [ 'protobuf/src/google/protobuf/unittest_empty.proto', 436, 420 ]
571 silly gunzTarPerm extractEntry protobuf/src/google/protobuf/unittest_enormous_descriptor.proto
572 silly gunzTarPerm modified mode [ 'protobuf/src/google/protobuf/unittest_enormous_descriptor.proto',
572 silly gunzTarPerm   436,
572 silly gunzTarPerm   420 ]
573 silly gunzTarPerm extractEntry protobuf/src/google/protobuf/unittest_import.proto
574 silly gunzTarPerm modified mode [ 'protobuf/src/google/protobuf/unittest_import.proto',
574 silly gunzTarPerm   436,
574 silly gunzTarPerm   420 ]
575 silly gunzTarPerm extractEntry protobuf/src/google/protobuf/unittest_import_lite.proto
576 silly gunzTarPerm modified mode [ 'protobuf/src/google/protobuf/unittest_import_lite.proto',
576 silly gunzTarPerm   436,
576 silly gunzTarPerm   420 ]
577 silly gunzTarPerm extractEntry protobuf/src/google/protobuf/unittest_lite.proto
578 silly gunzTarPerm modified mode [ 'protobuf/src/google/protobuf/unittest_lite.proto', 436, 420 ]
579 silly gunzTarPerm extractEntry protobuf/src/google/protobuf/unittest_lite_imports_nonlite.proto
580 silly gunzTarPerm modified mode [ 'protobuf/src/google/protobuf/unittest_lite_imports_nonlite.proto',
580 silly gunzTarPerm   436,
580 silly gunzTarPerm   420 ]
581 silly gunzTarPerm extractEntry protobuf/src/google/protobuf/unittest_mset.proto
582 silly gunzTarPerm modified mode [ 'protobuf/src/google/protobuf/unittest_mset.proto', 436, 420 ]
583 silly gunzTarPerm extractEntry protobuf/src/google/protobuf/unittest_no_generic_services.proto
584 silly gunzTarPerm modified mode [ 'protobuf/src/google/protobuf/unittest_no_generic_services.proto',
584 silly gunzTarPerm   436,
584 silly gunzTarPerm   420 ]
585 silly gunzTarPerm extractEntry protobuf/src/google/protobuf/unittest_optimize_for.proto
586 silly gunzTarPerm modified mode [ 'protobuf/src/google/protobuf/unittest_optimize_for.proto',
586 silly gunzTarPerm   436,
586 silly gunzTarPerm   420 ]
587 silly gunzTarPerm extractEntry protobuf/src/google/protobuf/unknown_field_set.cc
588 silly gunzTarPerm modified mode [ 'protobuf/src/google/protobuf/unknown_field_set.cc', 436, 420 ]
589 silly gunzTarPerm extractEntry protobuf/src/google/protobuf/unknown_field_set.h
590 silly gunzTarPerm modified mode [ 'protobuf/src/google/protobuf/unknown_field_set.h', 436, 420 ]
591 silly gunzTarPerm extractEntry protobuf/src/google/protobuf/unknown_field_set_unittest.cc
592 silly gunzTarPerm modified mode [ 'protobuf/src/google/protobuf/unknown_field_set_unittest.cc',
592 silly gunzTarPerm   436,
592 silly gunzTarPerm   420 ]
593 silly gunzTarPerm extractEntry protobuf/src/google/protobuf/wire_format.cc
594 silly gunzTarPerm modified mode [ 'protobuf/src/google/protobuf/wire_format.cc', 436, 420 ]
595 silly gunzTarPerm extractEntry protobuf/src/google/protobuf/wire_format.h
596 silly gunzTarPerm modified mode [ 'protobuf/src/google/protobuf/wire_format.h', 436, 420 ]
597 silly gunzTarPerm extractEntry protobuf/src/google/protobuf/wire_format_lite.cc
598 silly gunzTarPerm modified mode [ 'protobuf/src/google/protobuf/wire_format_lite.cc', 436, 420 ]
599 silly gunzTarPerm extractEntry protobuf/src/google/protobuf/wire_format_lite.h
600 silly gunzTarPerm modified mode [ 'protobuf/src/google/protobuf/wire_format_lite.h', 436, 420 ]
601 silly gunzTarPerm extractEntry protobuf/src/google/protobuf/wire_format_lite_inl.h
602 silly gunzTarPerm modified mode [ 'protobuf/src/google/protobuf/wire_format_lite_inl.h',
602 silly gunzTarPerm   436,
602 silly gunzTarPerm   420 ]
603 silly gunzTarPerm extractEntry protobuf/src/google/protobuf/wire_format_unittest.cc
604 silly gunzTarPerm modified mode [ 'protobuf/src/google/protobuf/wire_format_unittest.cc',
604 silly gunzTarPerm   436,
604 silly gunzTarPerm   420 ]
605 silly gunzTarPerm extractEntry protobuf/vsprojects/config.h
606 silly gunzTarPerm modified mode [ 'protobuf/vsprojects/config.h', 436, 420 ]
607 silly gunzTarPerm extractEntry protobuf/vsprojects/convert2008to2005.sh
608 silly gunzTarPerm modified mode [ 'protobuf/vsprojects/convert2008to2005.sh', 509, 493 ]
609 silly gunzTarPerm extractEntry protobuf/vsprojects/extract_includes.bat
610 silly gunzTarPerm modified mode [ 'protobuf/vsprojects/extract_includes.bat', 509, 493 ]
611 silly gunzTarPerm extractEntry protobuf/vsprojects/readme.txt
612 silly gunzTarPerm modified mode [ 'protobuf/vsprojects/readme.txt', 436, 420 ]
613 silly gunzTarPerm extractEntry protobuf_for_node.cc
614 silly gunzTarPerm modified mode [ 'protobuf_for_node.cc', 436, 420 ]
615 silly gunzTarPerm extractEntry protobuf_for_node.h
616 silly gunzTarPerm modified mode [ 'protobuf_for_node.h', 436, 420 ]
617 silly gunzTarPerm extractEntry test/unittest.js
618 silly gunzTarPerm modified mode [ 'test/unittest.js', 436, 420 ]
619 silly gunzTarPerm extractEntry test/golden_message
620 silly gunzTarPerm modified mode [ 'test/golden_message', 436, 420 ]
621 silly gunzTarPerm extractEntry test/unittest.desc
622 silly gunzTarPerm modified mode [ 'test/unittest.desc', 436, 420 ]
623 silly gunzTarPerm extractEntry wscript
624 silly gunzTarPerm modified mode [ 'wscript', 436, 420 ]
625 silly gentlyRm /opt/derivco/derivco/node_modules/.staging/protobuf-58e9a9b3/node_modules is being purged
626 verbose gentlyRm don't care about contents; nuking /opt/derivco/derivco/node_modules/.staging/protobuf-58e9a9b3/node_modules
627 silly doParallel preinstall 2
628 silly preinstall nan@1.0.0 /opt/derivco/derivco/node_modules/.staging/nan-3ea3a1dd
629 info lifecycle nan@1.0.0~preinstall: nan@1.0.0
630 silly preinstall protobuf@0.11.1 /opt/derivco/derivco/node_modules/.staging/protobuf-58e9a9b3
631 info lifecycle protobuf@0.11.1~preinstall: protobuf@0.11.1
632 silly lifecycle nan@1.0.0~preinstall: no script for preinstall, continuing
633 silly lifecycle protobuf@0.11.1~preinstall: no script for preinstall, continuing
634 silly doReverseSerial remove 0
635 silly doSerial move 0
636 silly doSerial finalize 2
637 silly finalize /opt/derivco/derivco/node_modules/nan
638 silly finalize /opt/derivco/derivco/node_modules/protobuf
639 silly doSerial build 2
640 silly build nan@1.0.0
641 info linkStuff nan@1.0.0
642 silly linkStuff nan@1.0.0 has /opt/derivco/derivco/node_modules as its parent node_modules
643 verbose linkBins nan@1.0.0
644 verbose linkMans nan@1.0.0
645 silly build protobuf@0.11.1
646 info linkStuff protobuf@0.11.1
647 silly linkStuff protobuf@0.11.1 has /opt/derivco/derivco/node_modules as its parent node_modules
648 verbose linkBins protobuf@0.11.1
649 verbose linkMans protobuf@0.11.1
650 silly doSerial global-link 0
651 silly doParallel update-linked 0
652 silly doSerial install 2
653 silly install nan@1.0.0 /opt/derivco/derivco/node_modules/.staging/nan-3ea3a1dd
654 info lifecycle nan@1.0.0~install: nan@1.0.0
655 silly lifecycle nan@1.0.0~install: no script for install, continuing
656 silly install protobuf@0.11.1 /opt/derivco/derivco/node_modules/.staging/protobuf-58e9a9b3
657 info lifecycle protobuf@0.11.1~install: protobuf@0.11.1
658 verbose lifecycle protobuf@0.11.1~install: unsafe-perm in lifecycle false
659 verbose lifecycle protobuf@0.11.1~install: PATH: /usr/share/npm/bin/node-gyp-bin:/opt/derivco/derivco/node_modules/protobuf/node_modules/.bin:/opt/derivco/derivco/node_modules/.bin:/root/.vscode-server/bin/f06011ac164ae4dc8e753a3fe7f9549844d15e35/bin:/usr/local/sbin:/usr/local/bin:/usr/sbin:/usr/bin:/sbin:/bin
660 verbose lifecycle protobuf@0.11.1~install: CWD: /opt/derivco/derivco/node_modules/protobuf
661 silly lifecycle protobuf@0.11.1~install: Args: [ '-c', 'node-gyp rebuild' ]
662 silly lifecycle protobuf@0.11.1~install: Returned: code: 1  signal: null
663 info lifecycle protobuf@0.11.1~install: Failed to exec install script
664 verbose unlock done using /root/.npm/_locks/staging-5326714e82365b15.lock for /opt/derivco/derivco/node_modules/.staging
665 silly rollbackFailedOptional Starting
666 silly rollbackFailedOptional Finishing
667 silly runTopLevelLifecycles Starting
668 silly runTopLevelLifecycles Finishing
669 silly install printInstalled
670 warn enoent ENOENT: no such file or directory, open '/opt/derivco/derivco/package.json'
671 warn derivco No description
672 warn derivco No repository field.
673 warn derivco No README data
674 warn derivco No license field.
675 verbose stack Error: protobuf@0.11.1 install: `node-gyp rebuild`
675 verbose stack Exit status 1
675 verbose stack     at EventEmitter.<anonymous> (/usr/share/npm/lib/utils/lifecycle.js:232:16)
675 verbose stack     at emitTwo (events.js:126:13)
675 verbose stack     at EventEmitter.emit (events.js:214:7)
675 verbose stack     at ChildProcess.<anonymous> (/usr/share/npm/lib/utils/spawn.js:24:14)
675 verbose stack     at emitTwo (events.js:126:13)
675 verbose stack     at ChildProcess.emit (events.js:214:7)
675 verbose stack     at maybeClose (internal/child_process.js:925:16)
675 verbose stack     at Process.ChildProcess._handle.onexit (internal/child_process.js:209:5)
676 verbose pkgid protobuf@0.11.1
677 verbose cwd /opt/derivco/derivco
678 error Linux 4.9.184-linuxkit
679 error argv "/usr/bin/node" "/usr/bin/npm" "install" "protobuf"
680 error node v8.10.0
681 error npm  v3.5.2
682 error code ELIFECYCLE
683 error protobuf@0.11.1 install: `node-gyp rebuild`
683 error Exit status 1
684 error Failed at the protobuf@0.11.1 install script 'node-gyp rebuild'.
684 error Make sure you have the latest version of node.js and npm installed.
684 error If you do, this is most likely a problem with the protobuf package,
684 error not with npm itself.
684 error Tell the author that this fails on your system:
684 error     node-gyp rebuild
684 error You can get information on how to open an issue for this project with:
684 error     npm bugs protobuf
684 error Or if that isn't available, you can get their info via:
684 error     npm owner ls protobuf
684 error There is likely additional logging output above.
685 verbose exit [ 1, true ]
